<?xml version="1.0" encoding="UTF-8"?>
<testsuite xmlns:xsi="http://www.w3.org/2001/XMLSchema-instance" xsi:noNamespaceSchemaLocation="https://maven.apache.org/surefire/maven-surefire-plugin/xsd/surefire-test-report.xsd" version="3.0.2" name="br.com.recargapay.wallet.e2e.TransferControllerE2ETest$Transfer" time="11.98" tests="7" errors="1" skipped="0" failures="0">
  <properties>
[...]
</properties>
  <testcase name="returns400WhenAmountIsNegative" classname="br.com.recargapay.wallet.e2e.TransferControllerE2ETest$Transfer" time="0.312">
    <system-out><![CDATA[2026-02-05T12:17:31.391-03:00  INFO 39634 --- [wallet] [           main] t.c.s.AnnotationConfigContextLoaderUtils : Could not detect default configuration classes for test class [br.com.recargapay.wallet.e2e.TransferControllerE2ETest]: TransferControllerE2ETest does not declare any static, non-private, non-final, nested classes annotated with @Configuration.
2026-02-05T12:17:31.393-03:00  INFO 39634 --- [wallet] [           main] .b.t.c.SpringBootTestContextBootstrapper : Found @SpringBootConfiguration br.com.recargapay.wallet.WalletApplication for test class br.com.recargapay.wallet.e2e.TransferControllerE2ETest
2026-02-05T12:17:31.394-03:00  INFO 39634 --- [wallet] [           main] o.s.boot.tomcat.TomcatWebServer          : Tomcat started on port 62058 (http) with context path '/'
2026-02-05T12:17:31.395-03:00  INFO 39634 --- [wallet] [           main] t.c.s.AnnotationConfigContextLoaderUtils : Could not detect default configuration classes for test class [br.com.recargapay.wallet.e2e.TransferControllerE2ETest$Transfer]: Transfer does not declare any static, non-private, non-final, nested classes annotated with @Configuration.
2026-02-05T12:17:31.396-03:00  INFO 39634 --- [wallet] [           main] .b.t.c.SpringBootTestContextBootstrapper : Found @SpringBootConfiguration br.com.recargapay.wallet.WalletApplication for test class br.com.recargapay.wallet.e2e.TransferControllerE2ETest$Transfer
Hibernate: 
    select
        c1_0.id,
        c1_0.created_at,
        c1_0.email,
        c1_0.full_name,
        c1_0.password,
        c1_0.updated_at 
    from
        customers c1_0 
    where
        c1_0.email=?
Hibernate: 
    select
        c1_0.id,
        c1_0.created_at,
        c1_0.email,
        c1_0.full_name,
        c1_0.password,
        c1_0.updated_at 
    from
        customers c1_0 
    where
        c1_0.id=?
Hibernate: 
    insert 
    into
        customers
        (created_at, email, full_name, password, updated_at, id) 
    values
        (?, ?, ?, ?, ?, ?)
Hibernate: 
    select
        c1_0.id,
        c1_0.created_at,
        c1_0.email,
        c1_0.full_name,
        c1_0.password,
        c1_0.updated_at 
    from
        customers c1_0 
    where
        c1_0.email=?
Hibernate: 
    select
        c1_0.id,
        c1_0.created_at,
        c1_0.email,
        c1_0.full_name,
        c1_0.password,
        c1_0.updated_at 
    from
        customers c1_0 
    where
        c1_0.id=?
Hibernate: 
    insert 
    into
        customers
        (created_at, email, full_name, password, updated_at, id) 
    values
        (?, ?, ?, ?, ?, ?)
Hibernate: 
    select
        c1_0.id,
        c1_0.created_at,
        c1_0.email,
        c1_0.full_name,
        c1_0.password,
        c1_0.updated_at 
    from
        customers c1_0 
    where
        c1_0.email=?
Hibernate: 
    select
        c1_0.id,
        c1_0.created_at,
        c1_0.email,
        c1_0.full_name,
        c1_0.password,
        c1_0.updated_at 
    from
        customers c1_0 
    where
        c1_0.email=?
Hibernate: 
    select
        w1_0.id,
        w1_0.active,
        w1_0.balance,
        w1_0.created_at,
        w1_0.currency,
        w1_0.customer_id,
        w1_0.updated_at 
    from
        wallets w1_0 
    where
        w1_0.customer_id=? 
        and w1_0.currency=?
Hibernate: 
    select
        w1_0.id,
        w1_0.active,
        w1_0.balance,
        w1_0.created_at,
        w1_0.currency,
        w1_0.customer_id,
        w1_0.updated_at 
    from
        wallets w1_0 
    where
        w1_0.id=?
Hibernate: 
    insert 
    into
        wallets
        (active, balance, created_at, currency, customer_id, updated_at, id) 
    values
        (?, ?, ?, ?, ?, ?, ?)
Hibernate: 
    select
        w1_0.id,
        w1_0.active,
        w1_0.balance,
        w1_0.created_at,
        w1_0.currency,
        w1_0.customer_id,
        w1_0.updated_at 
    from
        wallets w1_0 
    where
        w1_0.customer_id=? 
        and w1_0.currency=?
Hibernate: 
    select
        w1_0.id,
        w1_0.active,
        w1_0.balance,
        w1_0.created_at,
        w1_0.currency,
        w1_0.customer_id,
        w1_0.updated_at 
    from
        wallets w1_0 
    where
        w1_0.id=?
Hibernate: 
    insert 
    into
        wallets
        (active, balance, created_at, currency, customer_id, updated_at, id) 
    values
        (?, ?, ?, ?, ?, ?, ?)
Hibernate: 
    select
        w1_0.id,
        w1_0.active,
        w1_0.balance,
        w1_0.created_at,
        w1_0.currency,
        w1_0.customer_id,
        w1_0.updated_at 
    from
        wallets w1_0 
    where
        w1_0.customer_id=?
Hibernate: 
    select
        t1_0.id,
        t1_0.amount,
        t1_0.created_at,
        t1_0.idempotency_id,
        t1_0.status,
        t1_0.type,
        t1_0.updated_at,
        t1_0.wallet_destination_id,
        t1_0.wallet_id 
    from
        transactions t1_0 
    where
        t1_0.wallet_id=? 
        and t1_0.idempotency_id=? 
        and t1_0.type=?
Hibernate: 
    SELECT
        * 
    FROM
        wallets 
    WHERE
        id = ? 
    FOR
        UPDATE;
Hibernate: 
    select
        t1_0.id,
        t1_0.amount,
        t1_0.created_at,
        t1_0.idempotency_id,
        t1_0.status,
        t1_0.type,
        t1_0.updated_at,
        t1_0.wallet_destination_id,
        t1_0.wallet_id 
    from
        transactions t1_0 
    where
        t1_0.id=?
Hibernate: 
    select
        e1_0.id,
        e1_0.amount,
        e1_0.created_at,
        e1_0.financial_type,
        e1_0.transaction_id,
        e1_0.wallet_id 
    from
        entries e1_0 
    where
        e1_0.id=?
Hibernate: 
    insert 
    into
        transactions
        (amount, created_at, idempotency_id, status, type, updated_at, wallet_destination_id, wallet_id, id) 
    values
        (?, ?, ?, ?, ?, ?, ?, ?, ?)
Hibernate: 
    insert 
    into
        entries
        (amount, created_at, financial_type, transaction_id, wallet_id, id) 
    values
        (?, ?, ?, ?, ?, ?)
Hibernate: 
    update
        wallets 
    set
        active=?,
        balance=?,
        created_at=?,
        currency=?,
        customer_id=?,
        updated_at=? 
    where
        id=?
Hibernate: 
    update
        transactions 
    set
        amount=?,
        created_at=?,
        idempotency_id=?,
        status=?,
        type=?,
        updated_at=?,
        wallet_destination_id=?,
        wallet_id=? 
    where
        id=?
Hibernate: 
    SELECT
        * 
    FROM
        wallets 
    WHERE
        id = ? 
    FOR
        UPDATE;
]]></system-out>
  </testcase>
  <testcase name="preventsDoubleSpendingWithInsufficientBalance" classname="br.com.recargapay.wallet.e2e.TransferControllerE2ETest$Transfer" time="10.312">
    <error type="java.util.concurrent.TimeoutException"><![CDATA[java.util.concurrent.TimeoutException
	at java.base/java.util.concurrent.CompletableFuture.timedGet(CompletableFuture.java:1960)
	at java.base/java.util.concurrent.CompletableFuture.get(CompletableFuture.java:2095)
	at br.com.recargapay.wallet.e2e.TransferControllerE2ETest$Transfer.preventsDoubleSpendingWithInsufficientBalance(TransferControllerE2ETest.java:364)
	at java.base/java.lang.reflect.Method.invoke(Method.java:580)
	at java.base/java.util.ArrayList.forEach(ArrayList.java:1596)
	at java.base/java.util.ArrayList.forEach(ArrayList.java:1596)
	at java.base/java.util.ArrayList.forEach(ArrayList.java:1596)
]]></error>
    <system-out><![CDATA[Hibernate: 
    select
        c1_0.id,
        c1_0.created_at,
        c1_0.email,
        c1_0.full_name,
        c1_0.password,
        c1_0.updated_at 
    from
        customers c1_0 
    where
        c1_0.email=?
Hibernate: 
    select
        c1_0.id,
        c1_0.created_at,
        c1_0.email,
        c1_0.full_name,
        c1_0.password,
        c1_0.updated_at 
    from
        customers c1_0 
    where
        c1_0.id=?
Hibernate: 
    insert 
    into
        customers
        (created_at, email, full_name, password, updated_at, id) 
    values
        (?, ?, ?, ?, ?, ?)
Hibernate: 
    select
        c1_0.id,
        c1_0.created_at,
        c1_0.email,
        c1_0.full_name,
        c1_0.password,
        c1_0.updated_at 
    from
        customers c1_0 
    where
        c1_0.email=?
Hibernate: 
    select
        c1_0.id,
        c1_0.created_at,
        c1_0.email,
        c1_0.full_name,
        c1_0.password,
        c1_0.updated_at 
    from
        customers c1_0 
    where
        c1_0.id=?
Hibernate: 
    insert 
    into
        customers
        (created_at, email, full_name, password, updated_at, id) 
    values
        (?, ?, ?, ?, ?, ?)
Hibernate: 
    select
        c1_0.id,
        c1_0.created_at,
        c1_0.email,
        c1_0.full_name,
        c1_0.password,
        c1_0.updated_at 
    from
        customers c1_0 
    where
        c1_0.email=?
Hibernate: 
    select
        c1_0.id,
        c1_0.created_at,
        c1_0.email,
        c1_0.full_name,
        c1_0.password,
        c1_0.updated_at 
    from
        customers c1_0 
    where
        c1_0.email=?
Hibernate: 
    select
        w1_0.id,
        w1_0.active,
        w1_0.balance,
        w1_0.created_at,
        w1_0.currency,
        w1_0.customer_id,
        w1_0.updated_at 
    from
        wallets w1_0 
    where
        w1_0.customer_id=? 
        and w1_0.currency=?
Hibernate: 
    select
        w1_0.id,
        w1_0.active,
        w1_0.balance,
        w1_0.created_at,
        w1_0.currency,
        w1_0.customer_id,
        w1_0.updated_at 
    from
        wallets w1_0 
    where
        w1_0.id=?
Hibernate: 
    insert 
    into
        wallets
        (active, balance, created_at, currency, customer_id, updated_at, id) 
    values
        (?, ?, ?, ?, ?, ?, ?)
Hibernate: 
    select
        w1_0.id,
        w1_0.active,
        w1_0.balance,
        w1_0.created_at,
        w1_0.currency,
        w1_0.customer_id,
        w1_0.updated_at 
    from
        wallets w1_0 
    where
        w1_0.customer_id=? 
        and w1_0.currency=?
Hibernate: 
    select
        w1_0.id,
        w1_0.active,
        w1_0.balance,
        w1_0.created_at,
        w1_0.currency,
        w1_0.customer_id,
        w1_0.updated_at 
    from
        wallets w1_0 
    where
        w1_0.id=?
Hibernate: 
    insert 
    into
        wallets
        (active, balance, created_at, currency, customer_id, updated_at, id) 
    values
        (?, ?, ?, ?, ?, ?, ?)
Hibernate: 
    select
        w1_0.id,
        w1_0.active,
        w1_0.balance,
        w1_0.created_at,
        w1_0.currency,
        w1_0.customer_id,
        w1_0.updated_at 
    from
        wallets w1_0 
    where
        w1_0.customer_id=?
Hibernate: 
    select
        t1_0.id,
        t1_0.amount,
        t1_0.created_at,
        t1_0.idempotency_id,
        t1_0.status,
        t1_0.type,
        t1_0.updated_at,
        t1_0.wallet_destination_id,
        t1_0.wallet_id 
    from
        transactions t1_0 
    where
        t1_0.wallet_id=? 
        and t1_0.idempotency_id=? 
        and t1_0.type=?
Hibernate: 
    SELECT
        * 
    FROM
        wallets 
    WHERE
        id = ? 
    FOR
        UPDATE;
Hibernate: 
    select
        t1_0.id,
        t1_0.amount,
        t1_0.created_at,
        t1_0.idempotency_id,
        t1_0.status,
        t1_0.type,
        t1_0.updated_at,
        t1_0.wallet_destination_id,
        t1_0.wallet_id 
    from
        transactions t1_0 
    where
        t1_0.id=?
Hibernate: 
    select
        e1_0.id,
        e1_0.amount,
        e1_0.created_at,
        e1_0.financial_type,
        e1_0.transaction_id,
        e1_0.wallet_id 
    from
        entries e1_0 
    where
        e1_0.id=?
Hibernate: 
    insert 
    into
        transactions
        (amount, created_at, idempotency_id, status, type, updated_at, wallet_destination_id, wallet_id, id) 
    values
        (?, ?, ?, ?, ?, ?, ?, ?, ?)
Hibernate: 
    insert 
    into
        entries
        (amount, created_at, financial_type, transaction_id, wallet_id, id) 
    values
        (?, ?, ?, ?, ?, ?)
Hibernate: 
    update
        wallets 
    set
        active=?,
        balance=?,
        created_at=?,
        currency=?,
        customer_id=?,
        updated_at=? 
    where
        id=?
Hibernate: 
    update
        transactions 
    set
        amount=?,
        created_at=?,
        idempotency_id=?,
        status=?,
        type=?,
        updated_at=?,
        wallet_destination_id=?,
        wallet_id=? 
    where
        id=?
Hibernate: 
    SELECT
        * 
    FROM
        wallets 
    WHERE
        id = ? 
    FOR
        UPDATE;
Hibernate: 
    select
        w1_0.id,
        w1_0.active,
        w1_0.balance,
        w1_0.created_at,
        w1_0.currency,
        w1_0.customer_id,
        w1_0.updated_at 
    from
        wallets w1_0 
    where
        w1_0.customer_id=?
Hibernate: 
    select
        w1_0.id,
        w1_0.active,
        w1_0.balance,
        w1_0.created_at,
        w1_0.currency,
        w1_0.customer_id,
        w1_0.updated_at 
    from
        wallets w1_0 
    where
        w1_0.customer_id=?
Hibernate: 
    select
        w1_0.id,
        w1_0.active,
        w1_0.balance,
        w1_0.created_at,
        w1_0.currency,
        w1_0.customer_id,
        w1_0.updated_at 
    from
        wallets w1_0 
    where
        w1_0.customer_id=? 
        and w1_0.currency=?
Hibernate: 
    select
        w1_0.id,
        w1_0.active,
        w1_0.balance,
        w1_0.created_at,
        w1_0.currency,
        w1_0.customer_id,
        w1_0.updated_at 
    from
        wallets w1_0 
    where
        w1_0.customer_id=? 
        and w1_0.currency=?
Hibernate: 
    select
        w1_0.id,
        w1_0.active,
        w1_0.balance,
        w1_0.created_at,
        w1_0.currency,
        w1_0.customer_id,
        w1_0.updated_at 
    from
        wallets w1_0 
    where
        w1_0.id=?
Hibernate: 
    select
        w1_0.id,
        w1_0.active,
        w1_0.balance,
        w1_0.created_at,
        w1_0.currency,
        w1_0.customer_id,
        w1_0.updated_at 
    from
        wallets w1_0 
    where
        w1_0.id=?
Hibernate: 
    insert 
    into
        wallets
        (active, balance, created_at, currency, customer_id, updated_at, id) 
    values
        (?, ?, ?, ?, ?, ?, ?)
Hibernate: 
    insert 
    into
        wallets
        (active, balance, created_at, currency, customer_id, updated_at, id) 
    values
        (?, ?, ?, ?, ?, ?, ?)

MockHttpServletRequest:
      HTTP Method = POST
      Request URI = /api/v1/customers
       Parameters = {}
          Headers = [Content-Type:"application/json;charset=UTF-8", Content-Length:"83"]
             Body = {"fullName":"Race Customer A","email":"racecond@example.com","password":"password"}
    Session Attrs = {}

Handler:
             Type = br.com.recargapay.wallet.application.controller.auth.AuthController
           Method = br.com.recargapay.wallet.application.controller.auth.AuthController#register(RegisterRequest)

Async:
    Async started = false
     Async result = null

Resolved Exception:
             Type = null

ModelAndView:
        View name = null
             View = null
            Model = null

FlashMap:
       Attributes = null

MockHttpServletResponse:
           Status = 201
    Error message = null
          Headers = [X-Content-Type-Options:"nosniff", X-XSS-Protection:"0", Cache-Control:"no-cache, no-store, max-age=0, must-revalidate", Pragma:"no-cache", Expires:"0", X-Frame-Options:"DENY"]
     Content type = null
             Body = 
    Forwarded URL = null
   Redirected URL = null
          Cookies = []

MockHttpServletRequest:
      HTTP Method = POST
      Request URI = /api/v1/customers
       Parameters = {}
          Headers = [Content-Type:"application/json;charset=UTF-8", Content-Length:"87"]
             Body = {"fullName":"Race Customer B","email":"raceconddest@example.com","password":"password"}
    Session Attrs = {}

Handler:
             Type = br.com.recargapay.wallet.application.controller.auth.AuthController
           Method = br.com.recargapay.wallet.application.controller.auth.AuthController#register(RegisterRequest)

Async:
    Async started = false
     Async result = null

Resolved Exception:
             Type = null

ModelAndView:
        View name = null
             View = null
            Model = null

FlashMap:
       Attributes = null

MockHttpServletResponse:
           Status = 201
    Error message = null
          Headers = [X-Content-Type-Options:"nosniff", X-XSS-Protection:"0", Cache-Control:"no-cache, no-store, max-age=0, must-revalidate", Pragma:"no-cache", Expires:"0", X-Frame-Options:"DENY"]
     Content type = null
             Body = 
    Forwarded URL = null
   Redirected URL = null
          Cookies = []

MockHttpServletRequest:
      HTTP Method = POST
      Request URI = /api/v1/authentication
       Parameters = {}
          Headers = [Content-Type:"application/json;charset=UTF-8", Content-Length:"54"]
             Body = {"email":"racecond@example.com","password":"password"}
    Session Attrs = {}

Handler:
             Type = br.com.recargapay.wallet.application.controller.auth.AuthController
           Method = br.com.recargapay.wallet.application.controller.auth.AuthController#login(LoginRequest)

Async:
    Async started = false
     Async result = null

Resolved Exception:
             Type = null

ModelAndView:
        View name = null
             View = null
            Model = null

FlashMap:
       Attributes = null

MockHttpServletResponse:
           Status = 200
    Error message = null
          Headers = [Content-Type:"application/json", X-Content-Type-Options:"nosniff", X-XSS-Protection:"0", Cache-Control:"no-cache, no-store, max-age=0, must-revalidate", Pragma:"no-cache", Expires:"0", X-Frame-Options:"DENY"]
     Content type = application/json
             Body = {"accessToken":"eyJhbGciOiJSUzI1NiJ9.eyJpc3MiOiJ3YWxsZXQtcGxhdGZvcm0iLCJzdWIiOiIwMTljMmU2MS00MjAyLTcwNDktYTdkNy0xM2NjNzk4YzZjZTgiLCJleHAiOjE3NzAzNDA2NTEsImlhdCI6MTc3MDMwNDY1MSwiZW1haWwiOiJyYWNlY29uZEBleGFtcGxlLmNvbSJ9.UwQ9Xam6Ll7iFDwsbeeJL0MugVJAcKqz7vMXXBPnROYeVYMWcsj5_DRUxfggEa9MieQU5qOmjGG4Cwa5Uuu79byft0E2E0V9LpkD_m2hRbe-clOovpaMqbNeFeZKoIxWcxXo87yeTs8VoAJYV6MoDZnAg4vukCuL5ro8_J4z91c9fv-xHWc5yrQXEGP8njD6h_Pn6lezbRdiDJAq04bZrZE6wSJnRMfP43YezUZ8FK6hIfbducRGXo8GhuS8DGif4_lo3jPy7nrTigRU4WuD_Jm-rR5lk6uUH-Xyppq_qT8yzTc82vXwiAk75MgN2TKJVv_1FUeA933pesSsXBBZFw"}
    Forwarded URL = null
   Redirected URL = null
          Cookies = []

MockHttpServletRequest:
      HTTP Method = POST
      Request URI = /api/v1/authentication
       Parameters = {}
          Headers = [Content-Type:"application/json;charset=UTF-8", Content-Length:"58"]
             Body = {"email":"raceconddest@example.com","password":"password"}
    Session Attrs = {}

Handler:
             Type = br.com.recargapay.wallet.application.controller.auth.AuthController
           Method = br.com.recargapay.wallet.application.controller.auth.AuthController#login(LoginRequest)

Async:
    Async started = false
     Async result = null

Resolved Exception:
             Type = null

ModelAndView:
        View name = null
             View = null
            Model = null

FlashMap:
       Attributes = null

MockHttpServletResponse:
           Status = 200
    Error message = null
          Headers = [Content-Type:"application/json", X-Content-Type-Options:"nosniff", X-XSS-Protection:"0", Cache-Control:"no-cache, no-store, max-age=0, must-revalidate", Pragma:"no-cache", Expires:"0", X-Frame-Options:"DENY"]
     Content type = application/json
             Body = {"accessToken":"eyJhbGciOiJSUzI1NiJ9.eyJpc3MiOiJ3YWxsZXQtcGxhdGZvcm0iLCJzdWIiOiIwMTljMmU2MS00MjQ2LTdlMTctODA3OS1lOGZkNDk4NmUwNjgiLCJleHAiOjE3NzAzNDA2NTEsImlhdCI6MTc3MDMwNDY1MSwiZW1haWwiOiJyYWNlY29uZGRlc3RAZXhhbXBsZS5jb20ifQ.KzFq9RKVBOrsMZ41hIpsfc8ZBZGeejzwoTE6eIF35K1SlzXp_l1ZxAExNNjwaHqcORczHNRBXAtZ9wYdD076_7HAfvc3VTDqa6911Ph7JfUmarppgZ361P5vKzJac0k-GMYxUln5TefYeQkgE6_A-YO_UpDluVOseb2GByVdNF4lRLtunfYUGTOKPtk7Tdx3Tyx7RDFXqcZnh6KY8GQWqciigObAjaq40wW1Twp8pmeI4N9pPV1kFpHO0YNll9CJRB389hx_Emh_LlcbcgRmn0Tp36cONw_qkSYPEGdbqYUvA2ngPjir5a7WgVlRd0s1g9F5y-Da06-wOBgaNqoK3w"}
    Forwarded URL = null
   Redirected URL = null
          Cookies = []

MockHttpServletRequest:
      HTTP Method = PUT
      Request URI = /api/v1/wallets
       Parameters = {}
          Headers = [Content-Type:"application/json;charset=UTF-8", Authorization:"Bearer eyJhbGciOiJSUzI1NiJ9.eyJpc3MiOiJ3YWxsZXQtcGxhdGZvcm0iLCJzdWIiOiIwMTljMmU2MS00MjAyLTcwNDktYTdkNy0xM2NjNzk4YzZjZTgiLCJleHAiOjE3NzAzNDA2NTEsImlhdCI6MTc3MDMwNDY1MSwiZW1haWwiOiJyYWNlY29uZEBleGFtcGxlLmNvbSJ9.UwQ9Xam6Ll7iFDwsbeeJL0MugVJAcKqz7vMXXBPnROYeVYMWcsj5_DRUxfggEa9MieQU5qOmjGG4Cwa5Uuu79byft0E2E0V9LpkD_m2hRbe-clOovpaMqbNeFeZKoIxWcxXo87yeTs8VoAJYV6MoDZnAg4vukCuL5ro8_J4z91c9fv-xHWc5yrQXEGP8njD6h_Pn6lezbRdiDJAq04bZrZE6wSJnRMfP43YezUZ8FK6hIfbducRGXo8GhuS8DGif4_lo3jPy7nrTigRU4WuD_Jm-rR5lk6uUH-Xyppq_qT8yzTc82vXwiAk75MgN2TKJVv_1FUeA933pesSsXBBZFw", Content-Length:"18"]
             Body = {"currency":"BRL"}
    Session Attrs = {}

Handler:
             Type = br.com.recargapay.wallet.application.controller.WalletController
           Method = br.com.recargapay.wallet.application.controller.WalletController#createWallet(CreateWalletRequest)

Async:
    Async started = false
     Async result = null

Resolved Exception:
             Type = null

ModelAndView:
        View name = null
             View = null
            Model = null

FlashMap:
       Attributes = null

MockHttpServletResponse:
           Status = 201
    Error message = null
          Headers = [Location:"/api/v1/wallets/019c2e61-42d2-7390-8423-568c8d98d233", Content-Type:"application/json", X-Content-Type-Options:"nosniff", X-XSS-Protection:"0", Cache-Control:"no-cache, no-store, max-age=0, must-revalidate", Pragma:"no-cache", Expires:"0", X-Frame-Options:"DENY"]
     Content type = application/json
             Body = {"id":"019c2e61-42d2-7390-8423-568c8d98d233","customerId":"019c2e61-4202-7049-a7d7-13cc798c6ce8","balance":0,"createdAt":"2026-02-05T12:17:31.98634-03:00"}
    Forwarded URL = null
   Redirected URL = /api/v1/wallets/019c2e61-42d2-7390-8423-568c8d98d233
          Cookies = []

MockHttpServletRequest:
      HTTP Method = PUT
      Request URI = /api/v1/wallets
       Parameters = {}
          Headers = [Content-Type:"application/json;charset=UTF-8", Authorization:"Bearer eyJhbGciOiJSUzI1NiJ9.eyJpc3MiOiJ3YWxsZXQtcGxhdGZvcm0iLCJzdWIiOiIwMTljMmU2MS00MjQ2LTdlMTctODA3OS1lOGZkNDk4NmUwNjgiLCJleHAiOjE3NzAzNDA2NTEsImlhdCI6MTc3MDMwNDY1MSwiZW1haWwiOiJyYWNlY29uZGRlc3RAZXhhbXBsZS5jb20ifQ.KzFq9RKVBOrsMZ41hIpsfc8ZBZGeejzwoTE6eIF35K1SlzXp_l1ZxAExNNjwaHqcORczHNRBXAtZ9wYdD076_7HAfvc3VTDqa6911Ph7JfUmarppgZ361P5vKzJac0k-GMYxUln5TefYeQkgE6_A-YO_UpDluVOseb2GByVdNF4lRLtunfYUGTOKPtk7Tdx3Tyx7RDFXqcZnh6KY8GQWqciigObAjaq40wW1Twp8pmeI4N9pPV1kFpHO0YNll9CJRB389hx_Emh_LlcbcgRmn0Tp36cONw_qkSYPEGdbqYUvA2ngPjir5a7WgVlRd0s1g9F5y-Da06-wOBgaNqoK3w", Content-Length:"18"]
             Body = {"currency":"BRL"}
    Session Attrs = {}

Handler:
             Type = br.com.recargapay.wallet.application.controller.WalletController
           Method = br.com.recargapay.wallet.application.controller.WalletController#createWallet(CreateWalletRequest)

Async:
    Async started = false
     Async result = null

Resolved Exception:
             Type = null

ModelAndView:
        View name = null
             View = null
            Model = null

FlashMap:
       Attributes = null

MockHttpServletResponse:
           Status = 201
    Error message = null
          Headers = [Location:"/api/v1/wallets/019c2e61-42d7-7e2e-ae22-21bcd3f269df", Content-Type:"application/json", X-Content-Type-Options:"nosniff", X-XSS-Protection:"0", Cache-Control:"no-cache, no-store, max-age=0, must-revalidate", Pragma:"no-cache", Expires:"0", X-Frame-Options:"DENY"]
     Content type = application/json
             Body = {"id":"019c2e61-42d7-7e2e-ae22-21bcd3f269df","customerId":"019c2e61-4246-7e17-8079-e8fd4986e068","balance":0,"createdAt":"2026-02-05T12:17:31.991632-03:00"}
    Forwarded URL = null
   Redirected URL = /api/v1/wallets/019c2e61-42d7-7e2e-ae22-21bcd3f269df
          Cookies = []

MockHttpServletRequest:
      HTTP Method = PUT
      Request URI = /api/v1/deposits
       Parameters = {}
          Headers = [Content-Type:"application/json;charset=UTF-8", Authorization:"Bearer eyJhbGciOiJSUzI1NiJ9.eyJpc3MiOiJ3YWxsZXQtcGxhdGZvcm0iLCJzdWIiOiIwMTljMmU2MS00MjAyLTcwNDktYTdkNy0xM2NjNzk4YzZjZTgiLCJleHAiOjE3NzAzNDA2NTEsImlhdCI6MTc3MDMwNDY1MSwiZW1haWwiOiJyYWNlY29uZEBleGFtcGxlLmNvbSJ9.UwQ9Xam6Ll7iFDwsbeeJL0MugVJAcKqz7vMXXBPnROYeVYMWcsj5_DRUxfggEa9MieQU5qOmjGG4Cwa5Uuu79byft0E2E0V9LpkD_m2hRbe-clOovpaMqbNeFeZKoIxWcxXo87yeTs8VoAJYV6MoDZnAg4vukCuL5ro8_J4z91c9fv-xHWc5yrQXEGP8njD6h_Pn6lezbRdiDJAq04bZrZE6wSJnRMfP43YezUZ8FK6hIfbducRGXo8GhuS8DGif4_lo3jPy7nrTigRU4WuD_Jm-rR5lk6uUH-Xyppq_qT8yzTc82vXwiAk75MgN2TKJVv_1FUeA933pesSsXBBZFw", X-Idempotency-Id:"e2e-dep-race", Content-Length:"19"]
             Body = {"amount":"100.00"}
    Session Attrs = {}

Handler:
             Type = br.com.recargapay.wallet.application.controller.DepositController
           Method = br.com.recargapay.wallet.application.controller.DepositController#deposit(String, DepositRequest)

Async:
    Async started = false
     Async result = null

Resolved Exception:
             Type = null

ModelAndView:
        View name = null
             View = null
            Model = null

FlashMap:
       Attributes = null

MockHttpServletResponse:
           Status = 200
    Error message = null
          Headers = [Content-Type:"application/json", X-Content-Type-Options:"nosniff", X-XSS-Protection:"0", Cache-Control:"no-cache, no-store, max-age=0, must-revalidate", Pragma:"no-cache", Expires:"0", X-Frame-Options:"DENY"]
     Content type = application/json
             Body = {"id":"019c2e61-42df-7dc0-add4-ff630d1bcae9","walletId":"019c2e61-42d2-7390-8423-568c8d98d233","amount":100.00,"availableBalance":100.00,"createdAt":"2026-02-05T12:17:31.99986-03:00"}
    Forwarded URL = null
   Redirected URL = null
          Cookies = []
Hibernate: 
    select
        t1_0.id,
        t1_0.amount,
        t1_0.created_at,
        t1_0.idempotency_id,
        t1_0.status,
        t1_0.type,
        t1_0.updated_at,
        t1_0.wallet_destination_id,
        t1_0.wallet_id 
    from
        transactions t1_0 
    where
        t1_0.wallet_id=? 
        and t1_0.idempotency_id=? 
        and t1_0.type=?
]]></system-out>
  </testcase>
  <testcase name="returns400WhenDestinationWalletIdIsNull" classname="br.com.recargapay.wallet.e2e.TransferControllerE2ETest$Transfer" time="0.153">
    <system-out><![CDATA[Hibernate: 
    SELECT
        * 
    FROM
        wallets 
    WHERE
        id = ? 
    FOR
        UPDATE;
2026-02-05T12:17:42.025-03:00  INFO 39634 --- [wallet] [pool-3-thread-1] org.hibernate.orm.jdbc.batch             : HHH100503: On release of batch it still contained JDBC statements
Hibernate: 
    select
        c1_0.id,
        c1_0.created_at,
        c1_0.email,
        c1_0.full_name,
        c1_0.password,
        c1_0.updated_at 
    from
        customers c1_0 
    where
        c1_0.email=?
2026-02-05T12:17:42.026-03:00  WARN 39634 --- [wallet] [pool-3-thread-1] org.hibernate.orm.jdbc.error             : HHH000247: ErrorCode: 0, SQLState: 23505
2026-02-05T12:17:42.026-03:00  WARN 39634 --- [wallet] [pool-3-thread-1] org.hibernate.orm.jdbc.error             : Batch entry 0 insert into wallets (active,balance,created_at,currency,customer_id,updated_at,id) values (('TRUE'::boolean),('0'::numeric),('2026-02-05 15:17:32.032555+00'),('BRL'),('019c2e61-4202-7049-a7d7-13cc798c6ce8'::uuid),('2026-02-05 15:17:32.032566+00'),('019c2e61-4300-7116-9025-d197157bd01d'::uuid)) was aborted: ERROR: duplicate key value violates unique constraint "unq_customer_currency"
  Detalhe: Key (customer_id, currency)=(019c2e61-4202-7049-a7d7-13cc798c6ce8, BRL) already exists.  Call getNextException to see other errors in the batch.
2026-02-05T12:17:42.026-03:00  WARN 39634 --- [wallet] [pool-3-thread-1] org.hibernate.orm.jdbc.error             : HHH000247: ErrorCode: 0, SQLState: 23505
2026-02-05T12:17:42.026-03:00  WARN 39634 --- [wallet] [pool-3-thread-1] org.hibernate.orm.jdbc.error             : Batch entry 0 insert into wallets (active,balance,created_at,currency,customer_id,updated_at,id) values (('TRUE'::boolean),('0'::numeric),('2026-02-05 15:17:32.032555+00'),('BRL'),('019c2e61-4202-7049-a7d7-13cc798c6ce8'::uuid),('2026-02-05 15:17:32.032566+00'),('019c2e61-4300-7116-9025-d197157bd01d'::uuid)) was aborted: ERROR: duplicate key value violates unique constraint "unq_customer_currency"
  Detalhe: Key (customer_id, currency)=(019c2e61-4202-7049-a7d7-13cc798c6ce8, BRL) already exists.  Call getNextException to see other errors in the batch.
Hibernate: 
    SELECT
        * 
    FROM
        wallets 
    WHERE
        id = ? 
    FOR
        UPDATE;
Hibernate: 
    select
        c1_0.id,
        c1_0.created_at,
        c1_0.email,
        c1_0.full_name,
        c1_0.password,
        c1_0.updated_at 
    from
        customers c1_0 
    where
        c1_0.id=?
Hibernate: 
    insert 
    into
        customers
        (created_at, email, full_name, password, updated_at, id) 
    values
        (?, ?, ?, ?, ?, ?)
Hibernate: 
    select
        c1_0.id,
        c1_0.created_at,
        c1_0.email,
        c1_0.full_name,
        c1_0.password,
        c1_0.updated_at 
    from
        customers c1_0 
    where
        c1_0.email=?
Hibernate: 
    select
        w1_0.id,
        w1_0.active,
        w1_0.balance,
        w1_0.created_at,
        w1_0.currency,
        w1_0.customer_id,
        w1_0.updated_at 
    from
        wallets w1_0 
    where
        w1_0.customer_id=? 
        and w1_0.currency=?
Hibernate: 
    select
        w1_0.id,
        w1_0.active,
        w1_0.balance,
        w1_0.created_at,
        w1_0.currency,
        w1_0.customer_id,
        w1_0.updated_at 
    from
        wallets w1_0 
    where
        w1_0.id=?
Hibernate: 
    insert 
    into
        wallets
        (active, balance, created_at, currency, customer_id, updated_at, id) 
    values
        (?, ?, ?, ?, ?, ?, ?)
Hibernate: 
    select
        w1_0.id,
        w1_0.active,
        w1_0.balance,
        w1_0.created_at,
        w1_0.currency,
        w1_0.customer_id,
        w1_0.updated_at 
    from
        wallets w1_0 
    where
        w1_0.customer_id=?
Hibernate: 
    select
        t1_0.id,
        t1_0.amount,
        t1_0.created_at,
        t1_0.idempotency_id,
        t1_0.status,
        t1_0.type,
        t1_0.updated_at,
        t1_0.wallet_destination_id,
        t1_0.wallet_id 
    from
        transactions t1_0 
    where
        t1_0.wallet_id=? 
        and t1_0.idempotency_id=? 
        and t1_0.type=?
Hibernate: 
    SELECT
        * 
    FROM
        wallets 
    WHERE
        id = ? 
    FOR
        UPDATE;
Hibernate: 
    select
        t1_0.id,
        t1_0.amount,
        t1_0.created_at,
        t1_0.idempotency_id,
        t1_0.status,
        t1_0.type,
        t1_0.updated_at,
        t1_0.wallet_destination_id,
        t1_0.wallet_id 
    from
        transactions t1_0 
    where
        t1_0.id=?
Hibernate: 
    select
        e1_0.id,
        e1_0.amount,
        e1_0.created_at,
        e1_0.financial_type,
        e1_0.transaction_id,
        e1_0.wallet_id 
    from
        entries e1_0 
    where
        e1_0.id=?
Hibernate: 
    insert 
    into
        transactions
        (amount, created_at, idempotency_id, status, type, updated_at, wallet_destination_id, wallet_id, id) 
    values
        (?, ?, ?, ?, ?, ?, ?, ?, ?)
Hibernate: 
    insert 
    into
        entries
        (amount, created_at, financial_type, transaction_id, wallet_id, id) 
    values
        (?, ?, ?, ?, ?, ?)
Hibernate: 
    update
        wallets 
    set
        active=?,
        balance=?,
        created_at=?,
        currency=?,
        customer_id=?,
        updated_at=? 
    where
        id=?
Hibernate: 
    update
        transactions 
    set
        amount=?,
        created_at=?,
        idempotency_id=?,
        status=?,
        type=?,
        updated_at=?,
        wallet_destination_id=?,
        wallet_id=? 
    where
        id=?
Hibernate: 
    SELECT
        * 
    FROM
        wallets 
    WHERE
        id = ? 
    FOR
        UPDATE;
]]></system-out>
  </testcase>
  <testcase name="returns400WhenAmountIsNull" classname="br.com.recargapay.wallet.e2e.TransferControllerE2ETest$Transfer" time="0.294">
    <system-out><![CDATA[Hibernate: 
    select
        c1_0.id,
        c1_0.created_at,
        c1_0.email,
        c1_0.full_name,
        c1_0.password,
        c1_0.updated_at 
    from
        customers c1_0 
    where
        c1_0.email=?
Hibernate: 
    select
        c1_0.id,
        c1_0.created_at,
        c1_0.email,
        c1_0.full_name,
        c1_0.password,
        c1_0.updated_at 
    from
        customers c1_0 
    where
        c1_0.id=?
Hibernate: 
    insert 
    into
        customers
        (created_at, email, full_name, password, updated_at, id) 
    values
        (?, ?, ?, ?, ?, ?)
Hibernate: 
    select
        c1_0.id,
        c1_0.created_at,
        c1_0.email,
        c1_0.full_name,
        c1_0.password,
        c1_0.updated_at 
    from
        customers c1_0 
    where
        c1_0.email=?
Hibernate: 
    select
        c1_0.id,
        c1_0.created_at,
        c1_0.email,
        c1_0.full_name,
        c1_0.password,
        c1_0.updated_at 
    from
        customers c1_0 
    where
        c1_0.id=?
Hibernate: 
    insert 
    into
        customers
        (created_at, email, full_name, password, updated_at, id) 
    values
        (?, ?, ?, ?, ?, ?)
Hibernate: 
    select
        c1_0.id,
        c1_0.created_at,
        c1_0.email,
        c1_0.full_name,
        c1_0.password,
        c1_0.updated_at 
    from
        customers c1_0 
    where
        c1_0.email=?
Hibernate: 
    select
        c1_0.id,
        c1_0.created_at,
        c1_0.email,
        c1_0.full_name,
        c1_0.password,
        c1_0.updated_at 
    from
        customers c1_0 
    where
        c1_0.email=?
Hibernate: 
    select
        w1_0.id,
        w1_0.active,
        w1_0.balance,
        w1_0.created_at,
        w1_0.currency,
        w1_0.customer_id,
        w1_0.updated_at 
    from
        wallets w1_0 
    where
        w1_0.customer_id=? 
        and w1_0.currency=?
Hibernate: 
    select
        w1_0.id,
        w1_0.active,
        w1_0.balance,
        w1_0.created_at,
        w1_0.currency,
        w1_0.customer_id,
        w1_0.updated_at 
    from
        wallets w1_0 
    where
        w1_0.id=?
Hibernate: 
    insert 
    into
        wallets
        (active, balance, created_at, currency, customer_id, updated_at, id) 
    values
        (?, ?, ?, ?, ?, ?, ?)
Hibernate: 
    select
        w1_0.id,
        w1_0.active,
        w1_0.balance,
        w1_0.created_at,
        w1_0.currency,
        w1_0.customer_id,
        w1_0.updated_at 
    from
        wallets w1_0 
    where
        w1_0.customer_id=? 
        and w1_0.currency=?
Hibernate: 
    select
        w1_0.id,
        w1_0.active,
        w1_0.balance,
        w1_0.created_at,
        w1_0.currency,
        w1_0.customer_id,
        w1_0.updated_at 
    from
        wallets w1_0 
    where
        w1_0.id=?
Hibernate: 
    insert 
    into
        wallets
        (active, balance, created_at, currency, customer_id, updated_at, id) 
    values
        (?, ?, ?, ?, ?, ?, ?)
Hibernate: 
    select
        w1_0.id,
        w1_0.active,
        w1_0.balance,
        w1_0.created_at,
        w1_0.currency,
        w1_0.customer_id,
        w1_0.updated_at 
    from
        wallets w1_0 
    where
        w1_0.customer_id=?
Hibernate: 
    select
        t1_0.id,
        t1_0.amount,
        t1_0.created_at,
        t1_0.idempotency_id,
        t1_0.status,
        t1_0.type,
        t1_0.updated_at,
        t1_0.wallet_destination_id,
        t1_0.wallet_id 
    from
        transactions t1_0 
    where
        t1_0.wallet_id=? 
        and t1_0.idempotency_id=? 
        and t1_0.type=?
Hibernate: 
    SELECT
        * 
    FROM
        wallets 
    WHERE
        id = ? 
    FOR
        UPDATE;
Hibernate: 
    select
        t1_0.id,
        t1_0.amount,
        t1_0.created_at,
        t1_0.idempotency_id,
        t1_0.status,
        t1_0.type,
        t1_0.updated_at,
        t1_0.wallet_destination_id,
        t1_0.wallet_id 
    from
        transactions t1_0 
    where
        t1_0.id=?
Hibernate: 
    select
        e1_0.id,
        e1_0.amount,
        e1_0.created_at,
        e1_0.financial_type,
        e1_0.transaction_id,
        e1_0.wallet_id 
    from
        entries e1_0 
    where
        e1_0.id=?
Hibernate: 
    insert 
    into
        transactions
        (amount, created_at, idempotency_id, status, type, updated_at, wallet_destination_id, wallet_id, id) 
    values
        (?, ?, ?, ?, ?, ?, ?, ?, ?)
Hibernate: 
    insert 
    into
        entries
        (amount, created_at, financial_type, transaction_id, wallet_id, id) 
    values
        (?, ?, ?, ?, ?, ?)
Hibernate: 
    update
        wallets 
    set
        active=?,
        balance=?,
        created_at=?,
        currency=?,
        customer_id=?,
        updated_at=? 
    where
        id=?
Hibernate: 
    update
        transactions 
    set
        amount=?,
        created_at=?,
        idempotency_id=?,
        status=?,
        type=?,
        updated_at=?,
        wallet_destination_id=?,
        wallet_id=? 
    where
        id=?
Hibernate: 
    SELECT
        * 
    FROM
        wallets 
    WHERE
        id = ? 
    FOR
        UPDATE;
]]></system-out>
  </testcase>
  <testcase name="returns422WhenCurrencyMismatch" classname="br.com.recargapay.wallet.e2e.TransferControllerE2ETest$Transfer" time="0.294">
    <system-out><![CDATA[Hibernate: 
    select
        c1_0.id,
        c1_0.created_at,
        c1_0.email,
        c1_0.full_name,
        c1_0.password,
        c1_0.updated_at 
    from
        customers c1_0 
    where
        c1_0.email=?
Hibernate: 
    select
        c1_0.id,
        c1_0.created_at,
        c1_0.email,
        c1_0.full_name,
        c1_0.password,
        c1_0.updated_at 
    from
        customers c1_0 
    where
        c1_0.id=?
Hibernate: 
    insert 
    into
        customers
        (created_at, email, full_name, password, updated_at, id) 
    values
        (?, ?, ?, ?, ?, ?)
Hibernate: 
    select
        c1_0.id,
        c1_0.created_at,
        c1_0.email,
        c1_0.full_name,
        c1_0.password,
        c1_0.updated_at 
    from
        customers c1_0 
    where
        c1_0.email=?
Hibernate: 
    select
        c1_0.id,
        c1_0.created_at,
        c1_0.email,
        c1_0.full_name,
        c1_0.password,
        c1_0.updated_at 
    from
        customers c1_0 
    where
        c1_0.id=?
Hibernate: 
    insert 
    into
        customers
        (created_at, email, full_name, password, updated_at, id) 
    values
        (?, ?, ?, ?, ?, ?)
Hibernate: 
    select
        c1_0.id,
        c1_0.created_at,
        c1_0.email,
        c1_0.full_name,
        c1_0.password,
        c1_0.updated_at 
    from
        customers c1_0 
    where
        c1_0.email=?
Hibernate: 
    select
        c1_0.id,
        c1_0.created_at,
        c1_0.email,
        c1_0.full_name,
        c1_0.password,
        c1_0.updated_at 
    from
        customers c1_0 
    where
        c1_0.email=?
Hibernate: 
    select
        w1_0.id,
        w1_0.active,
        w1_0.balance,
        w1_0.created_at,
        w1_0.currency,
        w1_0.customer_id,
        w1_0.updated_at 
    from
        wallets w1_0 
    where
        w1_0.customer_id=? 
        and w1_0.currency=?
Hibernate: 
    select
        w1_0.id,
        w1_0.active,
        w1_0.balance,
        w1_0.created_at,
        w1_0.currency,
        w1_0.customer_id,
        w1_0.updated_at 
    from
        wallets w1_0 
    where
        w1_0.id=?
Hibernate: 
    insert 
    into
        wallets
        (active, balance, created_at, currency, customer_id, updated_at, id) 
    values
        (?, ?, ?, ?, ?, ?, ?)
Hibernate: 
    select
        w1_0.id,
        w1_0.active,
        w1_0.balance,
        w1_0.created_at,
        w1_0.currency,
        w1_0.customer_id,
        w1_0.updated_at 
    from
        wallets w1_0 
    where
        w1_0.customer_id=? 
        and w1_0.currency=?
Hibernate: 
    select
        w1_0.id,
        w1_0.active,
        w1_0.balance,
        w1_0.created_at,
        w1_0.currency,
        w1_0.customer_id,
        w1_0.updated_at 
    from
        wallets w1_0 
    where
        w1_0.id=?
Hibernate: 
    insert 
    into
        wallets
        (active, balance, created_at, currency, customer_id, updated_at, id) 
    values
        (?, ?, ?, ?, ?, ?, ?)
Hibernate: 
    select
        w1_0.id,
        w1_0.active,
        w1_0.balance,
        w1_0.created_at,
        w1_0.currency,
        w1_0.customer_id,
        w1_0.updated_at 
    from
        wallets w1_0 
    where
        w1_0.customer_id=?
Hibernate: 
    select
        t1_0.id,
        t1_0.amount,
        t1_0.created_at,
        t1_0.idempotency_id,
        t1_0.status,
        t1_0.type,
        t1_0.updated_at,
        t1_0.wallet_destination_id,
        t1_0.wallet_id 
    from
        transactions t1_0 
    where
        t1_0.wallet_id=? 
        and t1_0.idempotency_id=? 
        and t1_0.type=?
Hibernate: 
    SELECT
        * 
    FROM
        wallets 
    WHERE
        id = ? 
    FOR
        UPDATE;
Hibernate: 
    select
        t1_0.id,
        t1_0.amount,
        t1_0.created_at,
        t1_0.idempotency_id,
        t1_0.status,
        t1_0.type,
        t1_0.updated_at,
        t1_0.wallet_destination_id,
        t1_0.wallet_id 
    from
        transactions t1_0 
    where
        t1_0.id=?
Hibernate: 
    select
        e1_0.id,
        e1_0.amount,
        e1_0.created_at,
        e1_0.financial_type,
        e1_0.transaction_id,
        e1_0.wallet_id 
    from
        entries e1_0 
    where
        e1_0.id=?
Hibernate: 
    insert 
    into
        transactions
        (amount, created_at, idempotency_id, status, type, updated_at, wallet_destination_id, wallet_id, id) 
    values
        (?, ?, ?, ?, ?, ?, ?, ?, ?)
Hibernate: 
    insert 
    into
        entries
        (amount, created_at, financial_type, transaction_id, wallet_id, id) 
    values
        (?, ?, ?, ?, ?, ?)
Hibernate: 
    update
        wallets 
    set
        active=?,
        balance=?,
        created_at=?,
        currency=?,
        customer_id=?,
        updated_at=? 
    where
        id=?
Hibernate: 
    update
        transactions 
    set
        amount=?,
        created_at=?,
        idempotency_id=?,
        status=?,
        type=?,
        updated_at=?,
        wallet_destination_id=?,
        wallet_id=? 
    where
        id=?
Hibernate: 
    SELECT
        * 
    FROM
        wallets 
    WHERE
        id = ? 
    FOR
        UPDATE;
Hibernate: 
    select
        w1_0.id,
        w1_0.active,
        w1_0.balance,
        w1_0.created_at,
        w1_0.currency,
        w1_0.customer_id,
        w1_0.updated_at 
    from
        wallets w1_0 
    where
        w1_0.customer_id=?
Hibernate: 
    select
        t1_0.id,
        t1_0.amount,
        t1_0.created_at,
        t1_0.idempotency_id,
        t1_0.status,
        t1_0.type,
        t1_0.updated_at,
        t1_0.wallet_destination_id,
        t1_0.wallet_id 
    from
        transactions t1_0 
    where
        t1_0.wallet_id=? 
        and t1_0.idempotency_id=? 
        and t1_0.type=?
Hibernate: 
    SELECT
        * 
    FROM
        wallets 
    WHERE
        id = ? 
    FOR
        UPDATE;
Hibernate: 
    SELECT
        * 
    FROM
        wallets 
    WHERE
        id = ? 
    FOR
        UPDATE;
]]></system-out>
  </testcase>
  <testcase name="idempotentTransfer" classname="br.com.recargapay.wallet.e2e.TransferControllerE2ETest$Transfer" time="0.314">
    <system-out><![CDATA[Hibernate: 
    select
        c1_0.id,
        c1_0.created_at,
        c1_0.email,
        c1_0.full_name,
        c1_0.password,
        c1_0.updated_at 
    from
        customers c1_0 
    where
        c1_0.email=?
Hibernate: 
    select
        c1_0.id,
        c1_0.created_at,
        c1_0.email,
        c1_0.full_name,
        c1_0.password,
        c1_0.updated_at 
    from
        customers c1_0 
    where
        c1_0.id=?
Hibernate: 
    insert 
    into
        customers
        (created_at, email, full_name, password, updated_at, id) 
    values
        (?, ?, ?, ?, ?, ?)
Hibernate: 
    select
        c1_0.id,
        c1_0.created_at,
        c1_0.email,
        c1_0.full_name,
        c1_0.password,
        c1_0.updated_at 
    from
        customers c1_0 
    where
        c1_0.email=?
Hibernate: 
    select
        c1_0.id,
        c1_0.created_at,
        c1_0.email,
        c1_0.full_name,
        c1_0.password,
        c1_0.updated_at 
    from
        customers c1_0 
    where
        c1_0.id=?
Hibernate: 
    insert 
    into
        customers
        (created_at, email, full_name, password, updated_at, id) 
    values
        (?, ?, ?, ?, ?, ?)
Hibernate: 
    select
        c1_0.id,
        c1_0.created_at,
        c1_0.email,
        c1_0.full_name,
        c1_0.password,
        c1_0.updated_at 
    from
        customers c1_0 
    where
        c1_0.email=?
Hibernate: 
    select
        c1_0.id,
        c1_0.created_at,
        c1_0.email,
        c1_0.full_name,
        c1_0.password,
        c1_0.updated_at 
    from
        customers c1_0 
    where
        c1_0.email=?
Hibernate: 
    select
        w1_0.id,
        w1_0.active,
        w1_0.balance,
        w1_0.created_at,
        w1_0.currency,
        w1_0.customer_id,
        w1_0.updated_at 
    from
        wallets w1_0 
    where
        w1_0.customer_id=? 
        and w1_0.currency=?
Hibernate: 
    select
        w1_0.id,
        w1_0.active,
        w1_0.balance,
        w1_0.created_at,
        w1_0.currency,
        w1_0.customer_id,
        w1_0.updated_at 
    from
        wallets w1_0 
    where
        w1_0.id=?
Hibernate: 
    insert 
    into
        wallets
        (active, balance, created_at, currency, customer_id, updated_at, id) 
    values
        (?, ?, ?, ?, ?, ?, ?)
Hibernate: 
    select
        w1_0.id,
        w1_0.active,
        w1_0.balance,
        w1_0.created_at,
        w1_0.currency,
        w1_0.customer_id,
        w1_0.updated_at 
    from
        wallets w1_0 
    where
        w1_0.customer_id=? 
        and w1_0.currency=?
Hibernate: 
    select
        w1_0.id,
        w1_0.active,
        w1_0.balance,
        w1_0.created_at,
        w1_0.currency,
        w1_0.customer_id,
        w1_0.updated_at 
    from
        wallets w1_0 
    where
        w1_0.id=?
Hibernate: 
    insert 
    into
        wallets
        (active, balance, created_at, currency, customer_id, updated_at, id) 
    values
        (?, ?, ?, ?, ?, ?, ?)
Hibernate: 
    select
        w1_0.id,
        w1_0.active,
        w1_0.balance,
        w1_0.created_at,
        w1_0.currency,
        w1_0.customer_id,
        w1_0.updated_at 
    from
        wallets w1_0 
    where
        w1_0.customer_id=?
Hibernate: 
    select
        t1_0.id,
        t1_0.amount,
        t1_0.created_at,
        t1_0.idempotency_id,
        t1_0.status,
        t1_0.type,
        t1_0.updated_at,
        t1_0.wallet_destination_id,
        t1_0.wallet_id 
    from
        transactions t1_0 
    where
        t1_0.wallet_id=? 
        and t1_0.idempotency_id=? 
        and t1_0.type=?
Hibernate: 
    SELECT
        * 
    FROM
        wallets 
    WHERE
        id = ? 
    FOR
        UPDATE;
Hibernate: 
    select
        t1_0.id,
        t1_0.amount,
        t1_0.created_at,
        t1_0.idempotency_id,
        t1_0.status,
        t1_0.type,
        t1_0.updated_at,
        t1_0.wallet_destination_id,
        t1_0.wallet_id 
    from
        transactions t1_0 
    where
        t1_0.id=?
Hibernate: 
    select
        e1_0.id,
        e1_0.amount,
        e1_0.created_at,
        e1_0.financial_type,
        e1_0.transaction_id,
        e1_0.wallet_id 
    from
        entries e1_0 
    where
        e1_0.id=?
Hibernate: 
    insert 
    into
        transactions
        (amount, created_at, idempotency_id, status, type, updated_at, wallet_destination_id, wallet_id, id) 
    values
        (?, ?, ?, ?, ?, ?, ?, ?, ?)
Hibernate: 
    insert 
    into
        entries
        (amount, created_at, financial_type, transaction_id, wallet_id, id) 
    values
        (?, ?, ?, ?, ?, ?)
Hibernate: 
    update
        wallets 
    set
        active=?,
        balance=?,
        created_at=?,
        currency=?,
        customer_id=?,
        updated_at=? 
    where
        id=?
Hibernate: 
    update
        transactions 
    set
        amount=?,
        created_at=?,
        idempotency_id=?,
        status=?,
        type=?,
        updated_at=?,
        wallet_destination_id=?,
        wallet_id=? 
    where
        id=?
Hibernate: 
    SELECT
        * 
    FROM
        wallets 
    WHERE
        id = ? 
    FOR
        UPDATE;
Hibernate: 
    select
        w1_0.id,
        w1_0.active,
        w1_0.balance,
        w1_0.created_at,
        w1_0.currency,
        w1_0.customer_id,
        w1_0.updated_at 
    from
        wallets w1_0 
    where
        w1_0.customer_id=?
Hibernate: 
    select
        t1_0.id,
        t1_0.amount,
        t1_0.created_at,
        t1_0.idempotency_id,
        t1_0.status,
        t1_0.type,
        t1_0.updated_at,
        t1_0.wallet_destination_id,
        t1_0.wallet_id 
    from
        transactions t1_0 
    where
        t1_0.wallet_id=? 
        and t1_0.idempotency_id=? 
        and t1_0.type=?
Hibernate: 
    SELECT
        * 
    FROM
        wallets 
    WHERE
        id = ? 
    FOR
        UPDATE;
Hibernate: 
    SELECT
        * 
    FROM
        wallets 
    WHERE
        id = ? 
    FOR
        UPDATE;
Hibernate: 
    select
        t1_0.id,
        t1_0.amount,
        t1_0.created_at,
        t1_0.idempotency_id,
        t1_0.status,
        t1_0.type,
        t1_0.updated_at,
        t1_0.wallet_destination_id,
        t1_0.wallet_id 
    from
        transactions t1_0 
    where
        t1_0.id=?
Hibernate: 
    select
        e1_0.id,
        e1_0.amount,
        e1_0.created_at,
        e1_0.financial_type,
        e1_0.transaction_id,
        e1_0.wallet_id 
    from
        entries e1_0 
    where
        e1_0.id=?
Hibernate: 
    select
        e1_0.id,
        e1_0.amount,
        e1_0.created_at,
        e1_0.financial_type,
        e1_0.transaction_id,
        e1_0.wallet_id 
    from
        entries e1_0 
    where
        e1_0.id=?
Hibernate: 
    insert 
    into
        transactions
        (amount, created_at, idempotency_id, status, type, updated_at, wallet_destination_id, wallet_id, id) 
    values
        (?, ?, ?, ?, ?, ?, ?, ?, ?)
Hibernate: 
    insert 
    into
        entries
        (amount, created_at, financial_type, transaction_id, wallet_id, id) 
    values
        (?, ?, ?, ?, ?, ?)
Hibernate: 
    insert 
    into
        entries
        (amount, created_at, financial_type, transaction_id, wallet_id, id) 
    values
        (?, ?, ?, ?, ?, ?)
Hibernate: 
    update
        wallets 
    set
        active=?,
        balance=?,
        created_at=?,
        currency=?,
        customer_id=?,
        updated_at=? 
    where
        id=?
Hibernate: 
    update
        wallets 
    set
        active=?,
        balance=?,
        created_at=?,
        currency=?,
        customer_id=?,
        updated_at=? 
    where
        id=?
Hibernate: 
    select
        w1_0.id,
        w1_0.active,
        w1_0.balance,
        w1_0.created_at,
        w1_0.currency,
        w1_0.customer_id,
        w1_0.updated_at 
    from
        wallets w1_0 
    where
        w1_0.customer_id=?
Hibernate: 
    update
        transactions 
    set
        amount=?,
        created_at=?,
        idempotency_id=?,
        status=?,
        type=?,
        updated_at=?,
        wallet_destination_id=?,
        wallet_id=? 
    where
        id=?
Hibernate: 
    select
        t1_0.id,
        t1_0.amount,
        t1_0.created_at,
        t1_0.idempotency_id,
        t1_0.status,
        t1_0.type,
        t1_0.updated_at,
        t1_0.wallet_destination_id,
        t1_0.wallet_id 
    from
        transactions t1_0 
    where
        t1_0.wallet_id=? 
        and t1_0.idempotency_id=? 
        and t1_0.type=?
Hibernate: 
    select
        w1_0.id,
        w1_0.active,
        w1_0.balance,
        w1_0.created_at,
        w1_0.currency,
        w1_0.customer_id,
        w1_0.updated_at 
    from
        wallets w1_0 
    where
        w1_0.customer_id=?
Hibernate: 
    SELECT
        * 
    FROM
        wallets 
    WHERE
        id = ? 
    FOR
        UPDATE;
Hibernate: 
    select
        w1_0.id,
        w1_0.active,
        w1_0.balance,
        w1_0.created_at,
        w1_0.currency,
        w1_0.customer_id,
        w1_0.updated_at 
    from
        wallets w1_0 
    where
        w1_0.customer_id=?
Hibernate: 
    SELECT
        * 
    FROM
        wallets 
    WHERE
        id = ? 
    FOR
        UPDATE;
]]></system-out>
  </testcase>
  <testcase name="transfersSuccessfully" classname="br.com.recargapay.wallet.e2e.TransferControllerE2ETest$Transfer" time="0.294">
    <system-out><![CDATA[Hibernate: 
    select
        c1_0.id,
        c1_0.created_at,
        c1_0.email,
        c1_0.full_name,
        c1_0.password,
        c1_0.updated_at 
    from
        customers c1_0 
    where
        c1_0.email=?
Hibernate: 
    select
        c1_0.id,
        c1_0.created_at,
        c1_0.email,
        c1_0.full_name,
        c1_0.password,
        c1_0.updated_at 
    from
        customers c1_0 
    where
        c1_0.id=?
Hibernate: 
    insert 
    into
        customers
        (created_at, email, full_name, password, updated_at, id) 
    values
        (?, ?, ?, ?, ?, ?)
Hibernate: 
    select
        c1_0.id,
        c1_0.created_at,
        c1_0.email,
        c1_0.full_name,
        c1_0.password,
        c1_0.updated_at 
    from
        customers c1_0 
    where
        c1_0.email=?
Hibernate: 
    select
        c1_0.id,
        c1_0.created_at,
        c1_0.email,
        c1_0.full_name,
        c1_0.password,
        c1_0.updated_at 
    from
        customers c1_0 
    where
        c1_0.id=?
Hibernate: 
    insert 
    into
        customers
        (created_at, email, full_name, password, updated_at, id) 
    values
        (?, ?, ?, ?, ?, ?)
Hibernate: 
    select
        c1_0.id,
        c1_0.created_at,
        c1_0.email,
        c1_0.full_name,
        c1_0.password,
        c1_0.updated_at 
    from
        customers c1_0 
    where
        c1_0.email=?
Hibernate: 
    select
        c1_0.id,
        c1_0.created_at,
        c1_0.email,
        c1_0.full_name,
        c1_0.password,
        c1_0.updated_at 
    from
        customers c1_0 
    where
        c1_0.email=?
Hibernate: 
    select
        w1_0.id,
        w1_0.active,
        w1_0.balance,
        w1_0.created_at,
        w1_0.currency,
        w1_0.customer_id,
        w1_0.updated_at 
    from
        wallets w1_0 
    where
        w1_0.customer_id=? 
        and w1_0.currency=?
Hibernate: 
    select
        w1_0.id,
        w1_0.active,
        w1_0.balance,
        w1_0.created_at,
        w1_0.currency,
        w1_0.customer_id,
        w1_0.updated_at 
    from
        wallets w1_0 
    where
        w1_0.id=?
Hibernate: 
    insert 
    into
        wallets
        (active, balance, created_at, currency, customer_id, updated_at, id) 
    values
        (?, ?, ?, ?, ?, ?, ?)
Hibernate: 
    select
        w1_0.id,
        w1_0.active,
        w1_0.balance,
        w1_0.created_at,
        w1_0.currency,
        w1_0.customer_id,
        w1_0.updated_at 
    from
        wallets w1_0 
    where
        w1_0.customer_id=? 
        and w1_0.currency=?
Hibernate: 
    select
        w1_0.id,
        w1_0.active,
        w1_0.balance,
        w1_0.created_at,
        w1_0.currency,
        w1_0.customer_id,
        w1_0.updated_at 
    from
        wallets w1_0 
    where
        w1_0.id=?
Hibernate: 
    insert 
    into
        wallets
        (active, balance, created_at, currency, customer_id, updated_at, id) 
    values
        (?, ?, ?, ?, ?, ?, ?)
Hibernate: 
    select
        w1_0.id,
        w1_0.active,
        w1_0.balance,
        w1_0.created_at,
        w1_0.currency,
        w1_0.customer_id,
        w1_0.updated_at 
    from
        wallets w1_0 
    where
        w1_0.customer_id=?
Hibernate: 
    select
        t1_0.id,
        t1_0.amount,
        t1_0.created_at,
        t1_0.idempotency_id,
        t1_0.status,
        t1_0.type,
        t1_0.updated_at,
        t1_0.wallet_destination_id,
        t1_0.wallet_id 
    from
        transactions t1_0 
    where
        t1_0.wallet_id=? 
        and t1_0.idempotency_id=? 
        and t1_0.type=?
Hibernate: 
    SELECT
        * 
    FROM
        wallets 
    WHERE
        id = ? 
    FOR
        UPDATE;
Hibernate: 
    select
        t1_0.id,
        t1_0.amount,
        t1_0.created_at,
        t1_0.idempotency_id,
        t1_0.status,
        t1_0.type,
        t1_0.updated_at,
        t1_0.wallet_destination_id,
        t1_0.wallet_id 
    from
        transactions t1_0 
    where
        t1_0.id=?
Hibernate: 
    select
        e1_0.id,
        e1_0.amount,
        e1_0.created_at,
        e1_0.financial_type,
        e1_0.transaction_id,
        e1_0.wallet_id 
    from
        entries e1_0 
    where
        e1_0.id=?
Hibernate: 
    insert 
    into
        transactions
        (amount, created_at, idempotency_id, status, type, updated_at, wallet_destination_id, wallet_id, id) 
    values
        (?, ?, ?, ?, ?, ?, ?, ?, ?)
Hibernate: 
    insert 
    into
        entries
        (amount, created_at, financial_type, transaction_id, wallet_id, id) 
    values
        (?, ?, ?, ?, ?, ?)
Hibernate: 
    update
        wallets 
    set
        active=?,
        balance=?,
        created_at=?,
        currency=?,
        customer_id=?,
        updated_at=? 
    where
        id=?
Hibernate: 
    update
        transactions 
    set
        amount=?,
        created_at=?,
        idempotency_id=?,
        status=?,
        type=?,
        updated_at=?,
        wallet_destination_id=?,
        wallet_id=? 
    where
        id=?
Hibernate: 
    SELECT
        * 
    FROM
        wallets 
    WHERE
        id = ? 
    FOR
        UPDATE;
Hibernate: 
    select
        w1_0.id,
        w1_0.active,
        w1_0.balance,
        w1_0.created_at,
        w1_0.currency,
        w1_0.customer_id,
        w1_0.updated_at 
    from
        wallets w1_0 
    where
        w1_0.customer_id=?
Hibernate: 
    select
        t1_0.id,
        t1_0.amount,
        t1_0.created_at,
        t1_0.idempotency_id,
        t1_0.status,
        t1_0.type,
        t1_0.updated_at,
        t1_0.wallet_destination_id,
        t1_0.wallet_id 
    from
        transactions t1_0 
    where
        t1_0.wallet_id=? 
        and t1_0.idempotency_id=? 
        and t1_0.type=?
Hibernate: 
    SELECT
        * 
    FROM
        wallets 
    WHERE
        id = ? 
    FOR
        UPDATE;
Hibernate: 
    SELECT
        * 
    FROM
        wallets 
    WHERE
        id = ? 
    FOR
        UPDATE;
Hibernate: 
    select
        t1_0.id,
        t1_0.amount,
        t1_0.created_at,
        t1_0.idempotency_id,
        t1_0.status,
        t1_0.type,
        t1_0.updated_at,
        t1_0.wallet_destination_id,
        t1_0.wallet_id 
    from
        transactions t1_0 
    where
        t1_0.id=?
Hibernate: 
    select
        e1_0.id,
        e1_0.amount,
        e1_0.created_at,
        e1_0.financial_type,
        e1_0.transaction_id,
        e1_0.wallet_id 
    from
        entries e1_0 
    where
        e1_0.id=?
Hibernate: 
    select
        e1_0.id,
        e1_0.amount,
        e1_0.created_at,
        e1_0.financial_type,
        e1_0.transaction_id,
        e1_0.wallet_id 
    from
        entries e1_0 
    where
        e1_0.id=?
Hibernate: 
    insert 
    into
        transactions
        (amount, created_at, idempotency_id, status, type, updated_at, wallet_destination_id, wallet_id, id) 
    values
        (?, ?, ?, ?, ?, ?, ?, ?, ?)
Hibernate: 
    insert 
    into
        entries
        (amount, created_at, financial_type, transaction_id, wallet_id, id) 
    values
        (?, ?, ?, ?, ?, ?)
Hibernate: 
    insert 
    into
        entries
        (amount, created_at, financial_type, transaction_id, wallet_id, id) 
    values
        (?, ?, ?, ?, ?, ?)
Hibernate: 
    update
        wallets 
    set
        active=?,
        balance=?,
        created_at=?,
        currency=?,
        customer_id=?,
        updated_at=? 
    where
        id=?
Hibernate: 
    update
        wallets 
    set
        active=?,
        balance=?,
        created_at=?,
        currency=?,
        customer_id=?,
        updated_at=? 
    where
        id=?
Hibernate: 
    select
        w1_0.id,
        w1_0.active,
        w1_0.balance,
        w1_0.created_at,
        w1_0.currency,
        w1_0.customer_id,
        w1_0.updated_at 
    from
        wallets w1_0 
    where
        w1_0.customer_id=?
Hibernate: 
    update
        transactions 
    set
        amount=?,
        created_at=?,
        idempotency_id=?,
        status=?,
        type=?,
        updated_at=?,
        wallet_destination_id=?,
        wallet_id=? 
    where
        id=?
Hibernate: 
    SELECT
        * 
    FROM
        wallets 
    WHERE
        id = ? 
    FOR
        UPDATE;
Hibernate: 
    select
        w1_0.id,
        w1_0.active,
        w1_0.balance,
        w1_0.created_at,
        w1_0.currency,
        w1_0.customer_id,
        w1_0.updated_at 
    from
        wallets w1_0 
    where
        w1_0.customer_id=?
Hibernate: 
    SELECT
        * 
    FROM
        wallets 
    WHERE
        id = ? 
    FOR
        UPDATE;
]]></system-out>
  </testcase>
</testsuite>