<?xml version="1.0" encoding="UTF-8"?>
<testsuite xmlns:xsi="http://www.w3.org/2001/XMLSchema-instance" xsi:noNamespaceSchemaLocation="https://maven.apache.org/surefire/maven-surefire-plugin/xsd/surefire-test-report.xsd" version="3.0.2" name="br.com.recargapay.wallet.e2e.WalletControllerE2ETest$CreateWallet" time="0.308" tests="2" errors="0" skipped="0" failures="0">
  <properties>
[...]
</properties>
  <testcase name="createsWallet" classname="br.com.recargapay.wallet.e2e.WalletControllerE2ETest$CreateWallet" time="0.152">
    <system-out><![CDATA[2026-02-05T11:10:37.838-03:00  INFO 33917 --- [wallet] [           main] t.c.s.AnnotationConfigContextLoaderUtils : Could not detect default configuration classes for test class [br.com.recargapay.wallet.e2e.WalletControllerE2ETest$CreateWallet]: CreateWallet does not declare any static, non-private, non-final, nested classes annotated with @Configuration.
2026-02-05T11:10:37.839-03:00  INFO 33917 --- [wallet] [           main] .b.t.c.SpringBootTestContextBootstrapper : Found @SpringBootConfiguration br.com.recargapay.wallet.WalletApplication for test class br.com.recargapay.wallet.e2e.WalletControllerE2ETest$CreateWallet
Hibernate: 
    select
        c1_0.id,
        c1_0.created_at,
        c1_0.email,
        c1_0.full_name,
        c1_0.password,
        c1_0.updated_at 
    from
        customers c1_0 
    where
        c1_0.email=?
Hibernate: 
    select
        c1_0.id,
        c1_0.created_at,
        c1_0.email,
        c1_0.full_name,
        c1_0.password,
        c1_0.updated_at 
    from
        customers c1_0 
    where
        c1_0.id=?
Hibernate: 
    insert 
    into
        customers
        (created_at, email, full_name, password, updated_at, id) 
    values
        (?, ?, ?, ?, ?, ?)
Hibernate: 
    select
        c1_0.id,
        c1_0.created_at,
        c1_0.email,
        c1_0.full_name,
        c1_0.password,
        c1_0.updated_at 
    from
        customers c1_0 
    where
        c1_0.email=?
Hibernate: 
    select
        w1_0.id,
        w1_0.active,
        w1_0.balance,
        w1_0.created_at,
        w1_0.currency,
        w1_0.customer_id,
        w1_0.updated_at 
    from
        wallets w1_0 
    where
        w1_0.customer_id=? 
        and w1_0.currency=?
Hibernate: 
    select
        w1_0.id,
        w1_0.active,
        w1_0.balance,
        w1_0.created_at,
        w1_0.currency,
        w1_0.customer_id,
        w1_0.updated_at 
    from
        wallets w1_0 
    where
        w1_0.id=?
Hibernate: 
    insert 
    into
        wallets
        (active, balance, created_at, currency, customer_id, updated_at, id) 
    values
        (?, ?, ?, ?, ?, ?, ?)
]]></system-out>
  </testcase>
  <testcase name="returns400WhenInvalid" classname="br.com.recargapay.wallet.e2e.WalletControllerE2ETest$CreateWallet" time="0.153">
    <system-out><![CDATA[Hibernate: 
    select
        c1_0.id,
        c1_0.created_at,
        c1_0.email,
        c1_0.full_name,
        c1_0.password,
        c1_0.updated_at 
    from
        customers c1_0 
    where
        c1_0.email=?
Hibernate: 
    select
        c1_0.id,
        c1_0.created_at,
        c1_0.email,
        c1_0.full_name,
        c1_0.password,
        c1_0.updated_at 
    from
        customers c1_0 
    where
        c1_0.id=?
Hibernate: 
    insert 
    into
        customers
        (created_at, email, full_name, password, updated_at, id) 
    values
        (?, ?, ?, ?, ?, ?)
Hibernate: 
    select
        c1_0.id,
        c1_0.created_at,
        c1_0.email,
        c1_0.full_name,
        c1_0.password,
        c1_0.updated_at 
    from
        customers c1_0 
    where
        c1_0.email=?
]]></system-out>
  </testcase>
</testsuite>