<?xml version="1.0" encoding="UTF-8"?>
<testsuite xmlns:xsi="http://www.w3.org/2001/XMLSchema-instance" xsi:noNamespaceSchemaLocation="https://maven.apache.org/surefire/maven-surefire-plugin/xsd/surefire-test-report.xsd" version="3.0.2" name="br.com.recargapay.wallet.e2e.DepositControllerE2ETest$Deposit" time="3.086" tests="4" errors="0" skipped="0" failures="0">
  <properties>
[...]
</properties>
  <testcase name="returns401WhenNotAuthenticated" classname="br.com.recargapay.wallet.e2e.DepositControllerE2ETest$Deposit" time="0.258">
    <system-out><![CDATA[11:10:33.319 [main] INFO org.springframework.test.context.support.AnnotationConfigContextLoaderUtils -- Could not detect default configuration classes for test class [br.com.recargapay.wallet.e2e.DepositControllerE2ETest]: DepositControllerE2ETest does not declare any static, non-private, non-final, nested classes annotated with @Configuration.
11:10:33.378 [main] INFO org.springframework.boot.test.context.SpringBootTestContextBootstrapper -- Found @SpringBootConfiguration br.com.recargapay.wallet.WalletApplication for test class br.com.recargapay.wallet.e2e.DepositControllerE2ETest
11:10:33.414 [main] INFO org.springframework.test.context.support.AnnotationConfigContextLoaderUtils -- Could not detect default configuration classes for test class [br.com.recargapay.wallet.e2e.DepositControllerE2ETest$Deposit]: Deposit does not declare any static, non-private, non-final, nested classes annotated with @Configuration.
11:10:33.417 [main] INFO org.springframework.boot.test.context.SpringBootTestContextBootstrapper -- Found @SpringBootConfiguration br.com.recargapay.wallet.WalletApplication for test class br.com.recargapay.wallet.e2e.DepositControllerE2ETest$Deposit

  .   ____          _            __ _ _
 /\\ / ___'_ __ _ _(_)_ __  __ _ \ \ \ \
( ( )\___ | '_ | '_| | '_ \/ _` | \ \ \ \
 \\/  ___)| |_)| | | | | || (_| |  ) ) ) )
  '  |____| .__|_| |_|_| |_\__, | / / / /
 =========|_|==============|___/=/_/_/_/

 :: Spring Boot ::             (v4.0.0-M1)

2026-02-05T11:10:33.539-03:00  INFO 33917 --- [wallet] [           main] b.c.r.w.e2e.DepositControllerE2ETest     : Starting DepositControllerE2ETest using Java 25.0.1 with PID 33917 (started by david.santos in /Users/david.santos/Downloads/wallet)
2026-02-05T11:10:33.540-03:00  INFO 33917 --- [wallet] [           main] b.c.r.w.e2e.DepositControllerE2ETest     : The following 1 profile is active: "e2e"
2026-02-05T11:10:33.840-03:00  INFO 33917 --- [wallet] [           main] .s.d.r.c.RepositoryConfigurationDelegate : Bootstrapping Spring Data JPA repositories in DEFAULT mode.
2026-02-05T11:10:33.876-03:00  INFO 33917 --- [wallet] [           main] .s.d.r.c.RepositoryConfigurationDelegate : Finished Spring Data repository scanning in 32 ms. Found 4 JPA repository interfaces.
2026-02-05T11:10:34.131-03:00  INFO 33917 --- [wallet] [           main] o.s.boot.tomcat.TomcatWebServer          : Tomcat initialized with port 0 (http)
2026-02-05T11:10:34.137-03:00  INFO 33917 --- [wallet] [           main] o.apache.catalina.core.StandardService   : Starting service [Tomcat]
2026-02-05T11:10:34.138-03:00  INFO 33917 --- [wallet] [           main] o.apache.catalina.core.StandardEngine    : Starting Servlet engine: [Apache Tomcat/11.0.9]
2026-02-05T11:10:34.159-03:00  INFO 33917 --- [wallet] [           main] b.w.c.s.WebApplicationContextInitializer : Root WebApplicationContext: initialization completed in 611 ms
2026-02-05T11:10:34.247-03:00  INFO 33917 --- [wallet] [           main] o.hibernate.jpa.internal.util.LogHelper  : HHH000204: Processing PersistenceUnitInfo [name: default]
2026-02-05T11:10:34.261-03:00  INFO 33917 --- [wallet] [           main] org.hibernate.Version                    : HHH000412: Hibernate ORM core version 7.0.7.Final
2026-02-05T11:10:34.413-03:00  INFO 33917 --- [wallet] [           main] o.s.o.j.p.SpringPersistenceUnitInfo      : No LoadTimeWeaver setup: ignoring JPA class transformer
2026-02-05T11:10:34.424-03:00  INFO 33917 --- [wallet] [           main] com.zaxxer.hikari.HikariDataSource       : HikariPool-1 - Starting...
2026-02-05T11:10:34.516-03:00  INFO 33917 --- [wallet] [           main] com.zaxxer.hikari.pool.HikariPool        : HikariPool-1 - Added connection org.postgresql.jdbc.PgConnection@2245ccaa
2026-02-05T11:10:34.516-03:00  INFO 33917 --- [wallet] [           main] com.zaxxer.hikari.HikariDataSource       : HikariPool-1 - Start completed.
2026-02-05T11:10:34.532-03:00  WARN 33917 --- [wallet] [           main] org.hibernate.orm.deprecation            : HHH90000025: PostgreSQLDialect does not need to be specified explicitly using 'hibernate.dialect' (remove the property setting and it will be selected by default)
2026-02-05T11:10:34.544-03:00  INFO 33917 --- [wallet] [           main] org.hibernate.orm.connections.pooling    : HHH10001005: Database info:
	Database JDBC URL [jdbc:postgresql://localhost:5432/wallet]
	Database driver: PostgreSQL JDBC Driver
	Database version: 14.20
	Autocommit mode: undefined/unknown
	Isolation level: READ_COMMITTED [default READ_COMMITTED]
	Pool: DatasourceConnectionProviderImpl
	Minimum pool size: undefined/unknown
	Maximum pool size: undefined/unknown
2026-02-05T11:10:34.870-03:00  INFO 33917 --- [wallet] [           main] o.h.e.t.j.p.i.JtaPlatformInitiator       : HHH000489: No JTA platform available (set 'hibernate.transaction.jta.platform' to enable JTA platform integration)
2026-02-05T11:10:34.904-03:00  INFO 33917 --- [wallet] [           main] j.LocalContainerEntityManagerFactoryBean : Initialized JPA EntityManagerFactory for persistence unit 'default'
2026-02-05T11:10:34.941-03:00  INFO 33917 --- [wallet] [           main] o.s.d.j.r.query.QueryEnhancerFactories   : Hibernate is in classpath; If applicable, HQL parser will be used.
2026-02-05T11:10:35.142-03:00  INFO 33917 --- [wallet] [           main] r$InitializeUserDetailsManagerConfigurer : Global AuthenticationManager configured with UserDetailsService bean with name customUserDetailsService
2026-02-05T11:10:35.340-03:00  INFO 33917 --- [wallet] [           main] o.a.c.c.C.[Tomcat].[localhost].[/]       : Initializing Spring TestDispatcherServlet ''
2026-02-05T11:10:35.340-03:00  INFO 33917 --- [wallet] [           main] o.s.t.web.servlet.TestDispatcherServlet  : Initializing Servlet ''
2026-02-05T11:10:35.341-03:00  INFO 33917 --- [wallet] [           main] o.s.t.web.servlet.TestDispatcherServlet  : Completed initialization in 0 ms
2026-02-05T11:10:35.354-03:00  INFO 33917 --- [wallet] [           main] o.s.boot.tomcat.TomcatWebServer          : Tomcat started on port 59422 (http) with context path '/'
2026-02-05T11:10:35.357-03:00  INFO 33917 --- [wallet] [           main] b.c.r.w.e2e.DepositControllerE2ETest     : Started DepositControllerE2ETest in 1.929 seconds (process running for 2.396)
]]></system-out>
    <system-err><![CDATA[Mockito is currently self-attaching to enable the inline-mock-maker. This will no longer work in future releases of the JDK. Please add Mockito as an agent to your build as described in Mockito's documentation: https://javadoc.io/doc/org.mockito/mockito-core/latest/org.mockito/org/mockito/Mockito.html#0.3
WARNING: A Java agent has been loaded dynamically (/Users/david.santos/.m2/repository/net/bytebuddy/byte-buddy-agent/1.17.6/byte-buddy-agent-1.17.6.jar)
WARNING: If a serviceability tool is in use, please run with -XX:+EnableDynamicAgentLoading to hide this warning
WARNING: If a serviceability tool is not in use, please run with -Djdk.instrument.traceUsage for more information
WARNING: Dynamic loading of agents will be disallowed by default in a future release
]]></system-err>
  </testcase>
  <testcase name="idempotentDeposit" classname="br.com.recargapay.wallet.e2e.DepositControllerE2ETest$Deposit" time="0.555">
    <system-out><![CDATA[Hibernate: 
    select
        c1_0.id,
        c1_0.created_at,
        c1_0.email,
        c1_0.full_name,
        c1_0.password,
        c1_0.updated_at 
    from
        customers c1_0 
    where
        c1_0.email=?
Hibernate: 
    select
        c1_0.id,
        c1_0.created_at,
        c1_0.email,
        c1_0.full_name,
        c1_0.password,
        c1_0.updated_at 
    from
        customers c1_0 
    where
        c1_0.id=?
Hibernate: 
    insert 
    into
        customers
        (created_at, email, full_name, password, updated_at, id) 
    values
        (?, ?, ?, ?, ?, ?)
Hibernate: 
    select
        c1_0.id,
        c1_0.created_at,
        c1_0.email,
        c1_0.full_name,
        c1_0.password,
        c1_0.updated_at 
    from
        customers c1_0 
    where
        c1_0.email=?
Hibernate: 
    select
        w1_0.id,
        w1_0.active,
        w1_0.balance,
        w1_0.created_at,
        w1_0.currency,
        w1_0.customer_id,
        w1_0.updated_at 
    from
        wallets w1_0 
    where
        w1_0.customer_id=? 
        and w1_0.currency=?
Hibernate: 
    select
        w1_0.id,
        w1_0.active,
        w1_0.balance,
        w1_0.created_at,
        w1_0.currency,
        w1_0.customer_id,
        w1_0.updated_at 
    from
        wallets w1_0 
    where
        w1_0.id=?
Hibernate: 
    insert 
    into
        wallets
        (active, balance, created_at, currency, customer_id, updated_at, id) 
    values
        (?, ?, ?, ?, ?, ?, ?)
Hibernate: 
    select
        w1_0.id,
        w1_0.active,
        w1_0.balance,
        w1_0.created_at,
        w1_0.currency,
        w1_0.customer_id,
        w1_0.updated_at 
    from
        wallets w1_0 
    where
        w1_0.customer_id=?
Hibernate: 
    select
        t1_0.id,
        t1_0.amount,
        t1_0.created_at,
        t1_0.idempotency_id,
        t1_0.status,
        t1_0.type,
        t1_0.updated_at,
        t1_0.wallet_destination_id,
        t1_0.wallet_id 
    from
        transactions t1_0 
    where
        t1_0.wallet_id=? 
        and t1_0.idempotency_id=? 
        and t1_0.type=?
Hibernate: 
    SELECT
        * 
    FROM
        wallets 
    WHERE
        id = ? 
    FOR
        UPDATE;
Hibernate: 
    select
        t1_0.id,
        t1_0.amount,
        t1_0.created_at,
        t1_0.idempotency_id,
        t1_0.status,
        t1_0.type,
        t1_0.updated_at,
        t1_0.wallet_destination_id,
        t1_0.wallet_id 
    from
        transactions t1_0 
    where
        t1_0.id=?
Hibernate: 
    select
        e1_0.id,
        e1_0.amount,
        e1_0.created_at,
        e1_0.financial_type,
        e1_0.transaction_id,
        e1_0.wallet_id 
    from
        entries e1_0 
    where
        e1_0.id=?
Hibernate: 
    insert 
    into
        transactions
        (amount, created_at, idempotency_id, status, type, updated_at, wallet_destination_id, wallet_id, id) 
    values
        (?, ?, ?, ?, ?, ?, ?, ?, ?)
Hibernate: 
    insert 
    into
        entries
        (amount, created_at, financial_type, transaction_id, wallet_id, id) 
    values
        (?, ?, ?, ?, ?, ?)
Hibernate: 
    update
        wallets 
    set
        active=?,
        balance=?,
        created_at=?,
        currency=?,
        customer_id=?,
        updated_at=? 
    where
        id=?
Hibernate: 
    update
        transactions 
    set
        amount=?,
        created_at=?,
        idempotency_id=?,
        status=?,
        type=?,
        updated_at=?,
        wallet_destination_id=?,
        wallet_id=? 
    where
        id=?
Hibernate: 
    SELECT
        * 
    FROM
        wallets 
    WHERE
        id = ? 
    FOR
        UPDATE;
Hibernate: 
    select
        w1_0.id,
        w1_0.active,
        w1_0.balance,
        w1_0.created_at,
        w1_0.currency,
        w1_0.customer_id,
        w1_0.updated_at 
    from
        wallets w1_0 
    where
        w1_0.customer_id=?
Hibernate: 
    select
        t1_0.id,
        t1_0.amount,
        t1_0.created_at,
        t1_0.idempotency_id,
        t1_0.status,
        t1_0.type,
        t1_0.updated_at,
        t1_0.wallet_destination_id,
        t1_0.wallet_id 
    from
        transactions t1_0 
    where
        t1_0.wallet_id=? 
        and t1_0.idempotency_id=? 
        and t1_0.type=?
Hibernate: 
    SELECT
        * 
    FROM
        wallets 
    WHERE
        id = ? 
    FOR
        UPDATE;
Hibernate: 
    select
        w1_0.id,
        w1_0.active,
        w1_0.balance,
        w1_0.created_at,
        w1_0.currency,
        w1_0.customer_id,
        w1_0.updated_at 
    from
        wallets w1_0 
    where
        w1_0.customer_id=?
Hibernate: 
    SELECT
        * 
    FROM
        wallets 
    WHERE
        id = ? 
    FOR
        UPDATE;
]]></system-out>
  </testcase>
  <testcase name="returns400WhenInvalid" classname="br.com.recargapay.wallet.e2e.DepositControllerE2ETest$Deposit" time="0.152">
    <system-out><![CDATA[Hibernate: 
    select
        c1_0.id,
        c1_0.created_at,
        c1_0.email,
        c1_0.full_name,
        c1_0.password,
        c1_0.updated_at 
    from
        customers c1_0 
    where
        c1_0.email=?
Hibernate: 
    select
        c1_0.id,
        c1_0.created_at,
        c1_0.email,
        c1_0.full_name,
        c1_0.password,
        c1_0.updated_at 
    from
        customers c1_0 
    where
        c1_0.id=?
Hibernate: 
    insert 
    into
        customers
        (created_at, email, full_name, password, updated_at, id) 
    values
        (?, ?, ?, ?, ?, ?)
Hibernate: 
    select
        c1_0.id,
        c1_0.created_at,
        c1_0.email,
        c1_0.full_name,
        c1_0.password,
        c1_0.updated_at 
    from
        customers c1_0 
    where
        c1_0.email=?
]]></system-out>
  </testcase>
  <testcase name="depositsSuccessfully" classname="br.com.recargapay.wallet.e2e.DepositControllerE2ETest$Deposit" time="0.17">
    <system-out><![CDATA[Hibernate: 
    select
        c1_0.id,
        c1_0.created_at,
        c1_0.email,
        c1_0.full_name,
        c1_0.password,
        c1_0.updated_at 
    from
        customers c1_0 
    where
        c1_0.email=?
Hibernate: 
    select
        c1_0.id,
        c1_0.created_at,
        c1_0.email,
        c1_0.full_name,
        c1_0.password,
        c1_0.updated_at 
    from
        customers c1_0 
    where
        c1_0.id=?
Hibernate: 
    insert 
    into
        customers
        (created_at, email, full_name, password, updated_at, id) 
    values
        (?, ?, ?, ?, ?, ?)
Hibernate: 
    select
        c1_0.id,
        c1_0.created_at,
        c1_0.email,
        c1_0.full_name,
        c1_0.password,
        c1_0.updated_at 
    from
        customers c1_0 
    where
        c1_0.email=?
Hibernate: 
    select
        w1_0.id,
        w1_0.active,
        w1_0.balance,
        w1_0.created_at,
        w1_0.currency,
        w1_0.customer_id,
        w1_0.updated_at 
    from
        wallets w1_0 
    where
        w1_0.customer_id=? 
        and w1_0.currency=?
Hibernate: 
    select
        w1_0.id,
        w1_0.active,
        w1_0.balance,
        w1_0.created_at,
        w1_0.currency,
        w1_0.customer_id,
        w1_0.updated_at 
    from
        wallets w1_0 
    where
        w1_0.id=?
Hibernate: 
    insert 
    into
        wallets
        (active, balance, created_at, currency, customer_id, updated_at, id) 
    values
        (?, ?, ?, ?, ?, ?, ?)
Hibernate: 
    select
        w1_0.id,
        w1_0.active,
        w1_0.balance,
        w1_0.created_at,
        w1_0.currency,
        w1_0.customer_id,
        w1_0.updated_at 
    from
        wallets w1_0 
    where
        w1_0.customer_id=?
Hibernate: 
    select
        t1_0.id,
        t1_0.amount,
        t1_0.created_at,
        t1_0.idempotency_id,
        t1_0.status,
        t1_0.type,
        t1_0.updated_at,
        t1_0.wallet_destination_id,
        t1_0.wallet_id 
    from
        transactions t1_0 
    where
        t1_0.wallet_id=? 
        and t1_0.idempotency_id=? 
        and t1_0.type=?
Hibernate: 
    SELECT
        * 
    FROM
        wallets 
    WHERE
        id = ? 
    FOR
        UPDATE;
Hibernate: 
    select
        t1_0.id,
        t1_0.amount,
        t1_0.created_at,
        t1_0.idempotency_id,
        t1_0.status,
        t1_0.type,
        t1_0.updated_at,
        t1_0.wallet_destination_id,
        t1_0.wallet_id 
    from
        transactions t1_0 
    where
        t1_0.id=?
Hibernate: 
    select
        e1_0.id,
        e1_0.amount,
        e1_0.created_at,
        e1_0.financial_type,
        e1_0.transaction_id,
        e1_0.wallet_id 
    from
        entries e1_0 
    where
        e1_0.id=?
Hibernate: 
    insert 
    into
        transactions
        (amount, created_at, idempotency_id, status, type, updated_at, wallet_destination_id, wallet_id, id) 
    values
        (?, ?, ?, ?, ?, ?, ?, ?, ?)
Hibernate: 
    insert 
    into
        entries
        (amount, created_at, financial_type, transaction_id, wallet_id, id) 
    values
        (?, ?, ?, ?, ?, ?)
Hibernate: 
    update
        wallets 
    set
        active=?,
        balance=?,
        created_at=?,
        currency=?,
        customer_id=?,
        updated_at=? 
    where
        id=?
Hibernate: 
    update
        transactions 
    set
        amount=?,
        created_at=?,
        idempotency_id=?,
        status=?,
        type=?,
        updated_at=?,
        wallet_destination_id=?,
        wallet_id=? 
    where
        id=?
Hibernate: 
    SELECT
        * 
    FROM
        wallets 
    WHERE
        id = ? 
    FOR
        UPDATE;
Hibernate: 
    select
        w1_0.id,
        w1_0.active,
        w1_0.balance,
        w1_0.created_at,
        w1_0.currency,
        w1_0.customer_id,
        w1_0.updated_at 
    from
        wallets w1_0 
    where
        w1_0.customer_id=?
Hibernate: 
    SELECT
        * 
    FROM
        wallets 
    WHERE
        id = ? 
    FOR
        UPDATE;
]]></system-out>
  </testcase>
</testsuite>